<?xml version='1.0' encoding='UTF-8'?>
<testsuite hostname="PC202411-1" name="concurrency.ThreadBasicsSpec" tests="5" errors="0" failures="0" skipped="0" time="0.026" timestamp="2025-12-31T10:28:35">
          <properties>
[...]
</properties>
          <testcase classname="concurrency.ThreadBasicsSpec" name="createWorker should create a thread that runs the given task" time="0.015">
                      
                    </testcase><testcase classname="concurrency.ThreadBasicsSpec" name="createWorker should set thread name" time="0.0">
                      
                    </testcase><testcase classname="concurrency.ThreadBasicsSpec" name="createMultipleWorkers should create specified number of threads" time="0.001">
                      
                    </testcase><testcase classname="concurrency.ThreadBasicsSpec" name="createMultipleWorkers threads should execute with correct indices" time="0.009">
                      
                    </testcase><testcase classname="concurrency.ThreadBasicsSpec" name="startAndJoinAll should run all threads" time="0.001">
                      
                    </testcase>
          <system-out><![CDATA[]]></system-out>
          <system-err><![CDATA[]]></system-err>
        </testsuite>